Time resolution is 1 ps
pc_i = xxxxxxxxxxxxxxxx
pc_next_o = xxxxxxxxxxxxxxxx
Initialized icache
immediate_i = xxxxxxxxxxxxxxxxxxxxxxxxxxxxxxxxxxxxxxxxxxxxxxxxxxxxxxxxxxxxxxx0
pc_i = xxxxxxxxxxxxxxxxxxxxxxxxxxxxxxxxxxxxxxxxxxxxxxxxxxxxxxxxxxxxxxxx
pcbranch_o = xxxxxxxxxxxxxxxxxxxxxxxxxxxxxxxxxxxxxxxxxxxxxxxxxxxxxxxxxxxxxxxx
icache_resp_o = xxxxxxxx
icache_addr_i = xxxxxxxxxxxxxxxx
we_i = 0
icache_req_i = 00000000
clk_i = 1
dcache_addr_i = xxxxxxxxxxxxxxxxxxxxxxxxxxxxxxxxxxxxxxxxxxxxxxxxxxxxxxxxxxxxxxxx
re_i = x
dcache_resp_o = xxxxxxxxxxxxxxxxxxxxxxxxxxxxxxxxxxxxxxxxxxxxxxxxxxxxxxxxxxxxxxxx
we_i = x
dcache_req_i = xxxxxxxxxxxxxxxxxxxxxxxxxxxxxxxxxxxxxxxxxxxxxxxxxxxxxxxxxxxxxxxx
opcode_i = xxxxxxx
aluop_i = xxxx
src1_i = 0000000000000000000000000000000000000000000000000000000000000000
src2_i = 0000000000000000000000000000000000000000000000000000000000000000
resultado_o = 0000000000000000000000000000000000000000000000000000000000000000
branchflag_o = 0
alusrc_o = 1
regwrite_o = 1
memread_o = 0
memwrite_o = 0
branch_o = 0
memtoreg_o = 0
pcregwrite_o = 0
aluop_o = 010
opcode_i = 0010011
aluop_i = 0000
src1_i = 0000000000000000000000000000000000000000000000000000000000000000
src2_i = 0000000000000000000000000000000000000000000000000000000000000000
resultado_o = 0000000000000000000000000000000000000000000000000000000000000000
branchflag_o = 0
opcode_i = 0010011
aluop_i = 0000
src1_i = 0000000000000000000000000000000000000000000000000000000000000000
src2_i = 0000000000000000000000000000000000000000000000000000000000101000
resultado_o = 0000000000000000000000000000000000000000000000000000000000101000
branchflag_o = 0
icache_resp_o = 02800293
icache_addr_i = 0000000000000000
we_i = 0
icache_req_i = 00000000
clk_i = 1
dcache_addr_i = 0000000000000000000000000000000000000000000000000000000000101000
re_i = 0
dcache_resp_o = xxxxxxxxxxxxxxxxxxxxxxxxxxxxxxxxxxxxxxxxxxxxxxxxxxxxxxxxxxxxxxxx
we_i = 0
dcache_req_i = xxxxxxxxxxxxxxxxxxxxxxxxxxxxxxxxxxxxxxxxxxxxxxxxxxxxxxxxxxxxxxxx
opcode_i = 0010011
aluop_i = 0000
src1_i = 0000000000000000000000000000000000000000000000000000000000000000
src2_i = 0000000000000000000000000000000000000000000000000000000000010010
resultado_o = 0000000000000000000000000000000000000000000000000000000000010010
branchflag_o = 0
icache_resp_o = 01200313
icache_addr_i = 0000000000000004
we_i = 0
icache_req_i = 00000000
clk_i = 1
dcache_addr_i = 0000000000000000000000000000000000000000000000000000000000010010
re_i = 0
dcache_resp_o = xxxxxxxxxxxxxxxxxxxxxxxxxxxxxxxxxxxxxxxxxxxxxxxxxxxxxxxxxxxxxxxx
we_i = 0
dcache_req_i = xxxxxxxxxxxxxxxxxxxxxxxxxxxxxxxxxxxxxxxxxxxxxxxxxxxxxxxxxxxxxxxx
opcode_i = 0010011
aluop_i = 0000
src1_i = 0000000000000000000000000000000000000000000000000000000000000000
src2_i = 0000000000000000000000000000000000000000000000000000000000000101
resultado_o = 0000000000000000000000000000000000000000000000000000000000000101
branchflag_o = 0
icache_resp_o = 00500393
icache_addr_i = 0000000000000008
we_i = 0
icache_req_i = 00000000
clk_i = 1
dcache_addr_i = 0000000000000000000000000000000000000000000000000000000000000101
re_i = 0
dcache_resp_o = xxxxxxxxxxxxxxxxxxxxxxxxxxxxxxxxxxxxxxxxxxxxxxxxxxxxxxxxxxxxxxxx
we_i = 0
dcache_req_i = 0000000000000000000000000000000000000000000000000000000000101000
opcode_i = 0010011
aluop_i = 0000
src1_i = 0000000000000000000000000000000000000000000000000000000000000000
src2_i = 0000000000000000000000000000000000000000000000000000000000001010
resultado_o = 0000000000000000000000000000000000000000000000000000000000001010
branchflag_o = 0
icache_resp_o = 00a00e13
icache_addr_i = 000000000000000c
we_i = 0
icache_req_i = 00000000
clk_i = 1
dcache_addr_i = 0000000000000000000000000000000000000000000000000000000000001010
re_i = 0
dcache_resp_o = xxxxxxxxxxxxxxxxxxxxxxxxxxxxxxxxxxxxxxxxxxxxxxxxxxxxxxxxxxxxxxxx
we_i = 0
dcache_req_i = xxxxxxxxxxxxxxxxxxxxxxxxxxxxxxxxxxxxxxxxxxxxxxxxxxxxxxxxxxxxxxxx
opcode_i = 0010011
aluop_i = 0000
src1_i = 0000000000000000000000000000000000000000000000000000000000000000
src2_i = 0000000000000000000000000000000000000000000000000000000000011111
resultado_o = 0000000000000000000000000000000000000000000000000000000000011111
branchflag_o = 0
icache_resp_o = 01f00e93
icache_addr_i = 0000000000000010
we_i = 0
icache_req_i = 00000000
clk_i = 1
dcache_addr_i = 0000000000000000000000000000000000000000000000000000000000011111
re_i = 0
dcache_resp_o = xxxxxxxxxxxxxxxxxxxxxxxxxxxxxxxxxxxxxxxxxxxxxxxxxxxxxxxxxxxxxxxx
we_i = 0
dcache_req_i = xxxxxxxxxxxxxxxxxxxxxxxxxxxxxxxxxxxxxxxxxxxxxxxxxxxxxxxxxxxxxxxx
opcode_i = 0010011
aluop_i = 0000
src1_i = 0000000000000000000000000000000000000000000000000000000000000000
src2_i = 0000000000000000000000000000000000000000000000000000000000011011
resultado_o = 0000000000000000000000000000000000000000000000000000000000011011
branchflag_o = 0
icache_resp_o = 01b00f13
icache_addr_i = 0000000000000014
we_i = 0
icache_req_i = 00000000
clk_i = 1
dcache_addr_i = 0000000000000000000000000000000000000000000000000000000000011011
re_i = 0
dcache_resp_o = xxxxxxxxxxxxxxxxxxxxxxxxxxxxxxxxxxxxxxxxxxxxxxxxxxxxxxxxxxxxxxxx
we_i = 0
dcache_req_i = xxxxxxxxxxxxxxxxxxxxxxxxxxxxxxxxxxxxxxxxxxxxxxxxxxxxxxxxxxxxxxxx
opcode_i = 0010011
aluop_i = 0000
src1_i = 0000000000000000000000000000000000000000000000000000000000000000
src2_i = 0000000000000000000000000000000000000000000000000000000000110010
resultado_o = 0000000000000000000000000000000000000000000000000000000000110010
branchflag_o = 0
icache_resp_o = 03200f93
icache_addr_i = 0000000000000018
we_i = 0
icache_req_i = 00000000
clk_i = 1
dcache_addr_i = 0000000000000000000000000000000000000000000000000000000000110010
re_i = 0
dcache_resp_o = xxxxxxxxxxxxxxxxxxxxxxxxxxxxxxxxxxxxxxxxxxxxxxxxxxxxxxxxxxxxxxxx
we_i = 0
dcache_req_i = xxxxxxxxxxxxxxxxxxxxxxxxxxxxxxxxxxxxxxxxxxxxxxxxxxxxxxxxxxxxxxxx
alusrc_o = 1
regwrite_o = 0
memread_o = 0
memwrite_o = 1
branch_o = 0
memtoreg_o = 0
pcregwrite_o = 0
aluop_o = 101
opcode_i = 0100011
aluop_i = 0010
src1_i = 0000000000000000000000000000000000000000000000000000000000000000
src2_i = 0000000000000000000000000000000000000000000000000000000000110010
resultado_o = 0000000000000000000000000000000000000000000000000000000000110010
branchflag_o = 0
opcode_i = 0100011
aluop_i = 0010
src1_i = 0000000000000000000000000000000000000000000000000000000000000000
src2_i = 0000000000000000000000000000000000000000000000000000000000000000
resultado_o = 0000000000000000000000000000000000000000000000000000000000000000
branchflag_o = 0
icache_resp_o = 00502023
icache_addr_i = 000000000000001c
we_i = 0
icache_req_i = 00000000
clk_i = 1
dcache_addr_i = 0000000000000000000000000000000000000000000000000000000000000000
re_i = 0
dcache_resp_o = xxxxxxxxxxxxxxxxxxxxxxxxxxxxxxxxxxxxxxxxxxxxxxxxxxxxxxxxxxxxxxxx
we_i = 1
dcache_req_i = 0000000000000000000000000000000000000000000000000000000000101000
opcode_i = 0100011
aluop_i = 0010
src1_i = 0000000000000000000000000000000000000000000000000000000000000000
src2_i = 0000000000000000000000000000000000000000000000000000000000000100
resultado_o = 0000000000000000000000000000000000000000000000000000000000000100
branchflag_o = 0
icache_resp_o = 00602223
icache_addr_i = 0000000000000020
we_i = 0
icache_req_i = 00000000
clk_i = 1
dcache_addr_i = 0000000000000000000000000000000000000000000000000000000000000100
re_i = 0
dcache_resp_o = xxxxxxxxxxxxxxxxxxxxxxxxxxxxxxxxxxxxxxxxxxxxxxxxxxxxxxxxxxxxxxxx
we_i = 1
dcache_req_i = 0000000000000000000000000000000000000000000000000000000000010010
opcode_i = 0100011
aluop_i = 0010
src1_i = 0000000000000000000000000000000000000000000000000000000000000000
src2_i = 0000000000000000000000000000000000000000000000000000000000001000
resultado_o = 0000000000000000000000000000000000000000000000000000000000001000
branchflag_o = 0
icache_resp_o = 00702423
icache_addr_i = 0000000000000024
we_i = 0
icache_req_i = 00000000
clk_i = 1
dcache_addr_i = 0000000000000000000000000000000000000000000000000000000000001000
re_i = 0
dcache_resp_o = xxxxxxxxxxxxxxxxxxxxxxxxxxxxxxxxxxxxxxxxxxxxxxxxxxxxxxxxxxxxxxxx
we_i = 1
dcache_req_i = 0000000000000000000000000000000000000000000000000000000000000101
opcode_i = 0100011
aluop_i = 0010
src1_i = 0000000000000000000000000000000000000000000000000000000000000000
src2_i = 0000000000000000000000000000000000000000000000000000000000001100
resultado_o = 0000000000000000000000000000000000000000000000000000000000001100
branchflag_o = 0
