INFO: [VRFC 10-2263] Analyzing Verilog file "C:/Users/alanm/Desktop/Arqui/Vivado/monociclo/monociclo.srcs/sources_1/new/alu.v" into library xil_defaultlib
INFO: [VRFC 10-311] analyzing module alu
INFO: [VRFC 10-2263] Analyzing Verilog file "C:/Users/alanm/Desktop/Arqui/Vivado/monociclo/monociclo.srcs/sources_1/new/dcache.v" into library xil_defaultlib
INFO: [VRFC 10-311] analyzing module dcache
INFO: [VRFC 10-2263] Analyzing Verilog file "C:/Users/alanm/Desktop/Arqui/Vivado/monociclo/monociclo.srcs/sources_1/new/decode.v" into library xil_defaultlib
INFO: [VRFC 10-311] analyzing module decode
INFO: [VRFC 10-2263] Analyzing Verilog file "C:/Users/alanm/Desktop/Arqui/Vivado/monociclo/monociclo.srcs/sources_1/new/icache.v" into library xil_defaultlib
INFO: [VRFC 10-311] analyzing module icache
INFO: [VRFC 10-2263] Analyzing Verilog file "C:/Users/alanm/Desktop/Arqui/Vivado/monociclo/monociclo.srcs/sources_1/new/monociclo.v" into library xil_defaultlib
INFO: [VRFC 10-311] analyzing module monociclo
INFO: [VRFC 10-2263] Analyzing Verilog file "C:/Users/alanm/Desktop/Arqui/Vivado/monociclo/monociclo.srcs/sources_1/new/pc_branch.v" into library xil_defaultlib
INFO: [VRFC 10-311] analyzing module pc_branch
INFO: [VRFC 10-2263] Analyzing Verilog file "C:/Users/alanm/Desktop/Arqui/Vivado/monociclo/monociclo.srcs/sources_1/new/pc_gen.v" into library xil_defaultlib
INFO: [VRFC 10-311] analyzing module pc_gen
INFO: [VRFC 10-2263] Analyzing Verilog file "C:/Users/alanm/Desktop/Arqui/Vivado/monociclo/monociclo.srcs/sources_1/new/registerfile.v" into library xil_defaultlib
INFO: [VRFC 10-311] analyzing module registerfile
INFO: [VRFC 10-2263] Analyzing Verilog file "C:/Users/alanm/Desktop/Arqui/Vivado/monociclo/monociclo.srcs/sources_1/new/signextend.v" into library xil_defaultlib
INFO: [VRFC 10-311] analyzing module signextend
INFO: [VRFC 10-2263] Analyzing Verilog file "C:/Users/alanm/Desktop/Arqui/Vivado/monociclo/monociclo.srcs/sim_1/new/monociclo_tb.v" into library xil_defaultlib
INFO: [VRFC 10-311] analyzing module monociclo_tb
